
> vite-react-typescript-starter@0.0.0 typecheck
> tsc --noEmit -p tsconfig.app.json

src/components/Auth/SignupForm.tsx(2,45): error TS6133: 'User' is declared but its value is never read.
src/components/Calendar/CalendarPage.tsx(3,70): error TS6133: 'CheckCircle2' is declared but its value is never read.
src/components/Calendar/CalendarPage.tsx(3,84): error TS6133: 'AlertCircle' is declared but its value is never read.
src/components/Dashboard/NewSidebar.tsx(16,3): error TS6133: 'Plus' is declared but its value is never read.
src/components/Dashboard/NewSidebar.tsx(17,3): error TS6133: 'Filter' is declared but its value is never read.
src/components/Dashboard/NewSidebar.tsx(18,3): error TS6133: 'Clock' is declared but its value is never read.
src/components/Dashboard/NewSidebar.tsx(19,3): error TS6133: 'Loader' is declared but its value is never read.
src/components/Dashboard/NewSidebar.tsx(20,3): error TS6133: 'Check' is declared but its value is never read.
src/components/Dashboard/NewSidebar.tsx(21,3): error TS6133: 'Flag' is declared but its value is never read.
src/components/Dashboard/NewSidebar.tsx(22,3): error TS6133: 'Archive' is declared but its value is never read.
src/components/Dashboard/NewSidebar.tsx(23,3): error TS6133: 'Eye' is declared but its value is never read.
src/components/Dashboard/NewSidebar.tsx(24,3): error TS6133: 'FileText' is declared but its value is never read.
src/components/Dashboard/NewSidebar.tsx(26,3): error TS6133: 'BarChart' is declared but its value is never read.
src/components/Dashboard/NewSidebar.tsx(27,3): error TS6133: 'FolderOpen' is declared but its value is never read.
src/components/Dashboard/NewSidebar.tsx(29,3): error TS6133: 'UploadCloud' is declared but its value is never read.
src/components/Dashboard/NewSidebar.tsx(30,3): error TS6133: 'Shield' is declared but its value is never read.
src/components/Dashboard/NewSidebar.tsx(31,3): error TS6133: 'Bell' is declared but its value is never read.
src/components/Dashboard/NewSidebar.tsx(32,3): error TS6133: 'Zap' is declared but its value is never read.
src/components/Dashboard/NewSidebar.tsx(36,3): error TS6133: 'Sparkles' is declared but its value is never read.
src/components/Dashboard/NewSidebar.tsx(37,3): error TS6133: 'Music' is declared but its value is never read.
src/components/Dashboard/NewSidebar.tsx(38,3): error TS6133: 'Video' is declared but its value is never read.
src/components/Dashboard/NewSidebar.tsx(39,3): error TS6133: 'Download' is declared but its value is never read.
src/components/Dashboard/NewSidebar.tsx(275,10): error TS6133: 'IconNavigation' is declared but its value is never read.
src/components/Dashboard/SettingsPanel.tsx(9,5): error TS6133: 'Layers' is declared but its value is never read.
src/components/Dashboard/SettingsPanel.tsx(10,14): error TS6133: 'ImageIcon' is declared but its value is never read.
src/components/Dashboard/SettingsPanel.tsx(11,5): error TS6133: 'Clock' is declared but its value is never read.
src/components/Dashboard/SettingsPanel.tsx(13,5): error TS6133: 'ChevronUp' is declared but its value is never read.
src/components/Dashboard/SettingsPanel.tsx(16,5): error TS6133: 'Play' is declared but its value is never read.
src/components/Dashboard/SettingsPanel.tsx(29,1): error TS6133: 'Switch' is declared but its value is never read.
src/components/Dashboard/SettingsPanel.tsx(102,19): error TS6133: 'setTextOverlays' is declared but its value is never read.
src/components/Dashboard/SettingsPanel.tsx(112,5): error TS6133: 'savedHashtags' is declared but its value is never read.
src/components/Dashboard/SettingsPanel.tsx(175,31): error TS6133: 'error' is declared but its value is never read.
src/components/Dashboard/SettingsPanel.tsx(182,32): error TS7006: Parameter 'prev' implicitly has an 'any' type.
src/components/Dashboard/SettingsPanel.tsx(182,32): error TS2345: Argument of type '(prev: any) => any' is not assignable to parameter of type 'ApiKeys'.
src/components/FileBrowser/FileBrowser.tsx(79,20): error TS6133: 'setViewMode' is declared but its value is never read.
src/components/FileBrowser/FileBrowser.tsx(81,18): error TS6133: 'setSortBy' is declared but its value is never read.
src/components/FileBrowser/FileBrowser.tsx(82,21): error TS6133: 'setSortOrder' is declared but its value is never read.
src/components/FileBrowser/FileBrowser.tsx(84,10): error TS6133: 'ctrlPressed' is declared but its value is never read.
src/components/FileBrowser/FileBrowser.tsx(85,10): error TS6133: 'shiftPressed' is declared but its value is never read.
src/components/FileBrowser/FileBrowser.tsx(125,13): error TS6133: 'rootImageIds' is declared but its value is never read.
src/components/FileBrowser/FileBrowser.tsx(205,44): error TS6133: 'e' is declared but its value is never read.
src/components/FileBrowser/FileBrowser.tsx(1094,59): error TS2345: Argument of type 'MouseEvent | TouchEvent | PointerEvent' is not assignable to parameter of type 'DragEvent<Element>'.
  Type 'MouseEvent' is missing the following properties from type 'DragEvent<Element>': dataTransfer, nativeEvent, isDefaultPrevented, isPropagationStopped, persist
src/components/FileBrowser/TemplateSelectionDialog.tsx(3,18): error TS6133: 'AnimatePresence' is declared but its value is never read.
src/components/FileBrowser/TemplateSelectionDialog.tsx(7,3): error TS6133: 'AlertCircle' is declared but its value is never read.
src/components/FileBrowser/TemplateSelectionDialog.tsx(13,3): error TS6133: 'ChevronDown' is declared but its value is never read.
src/components/FileBrowser/TemplateSelectionDialog.tsx(14,3): error TS6133: 'ChevronUp' is declared but its value is never read.
src/components/FileBrowser/TemplateSelectionDialog.tsx(15,3): error TS6133: 'Shuffle' is declared but its value is never read.
src/components/FileBrowser/TemplateSelectionDialog.tsx(48,7): error TS6133: 'HashtagSelectionDialog' is declared but its value is never read.
src/components/FileBrowser/TemplateSelectionDialog.tsx(175,3): error TS6133: 'defaultAspectRatio' is declared but its value is never read.
src/components/FileBrowser/TemplateSelectionDialog.tsx(238,9): error TS6133: 'toggleTemplateExpansion' is declared but its value is never read.
src/components/Gallery/SlideshowGrid.tsx(3,25): error TS6133: 'Slideshow' is declared but its value is never read.
src/components/ImageEditor/ImageEditor.tsx(5,3): error TS6133: 'Crop' is declared but its value is never read.
src/components/ImageEditor/ImageEditor.tsx(26,3): error TS6133: 'ZoomOut' is declared but its value is never read.
src/components/ImageEditor/ImageEditor.tsx(28,47): error TS6133: 'AspectRatioPreset' is declared but its value is never read.
src/components/Postiz/BulkPostizPoster.tsx(378,77): error TS2322: Type '{ date: Date; setDate: Dispatch<SetStateAction<Date>>; disabled: boolean; }' is not assignable to type 'IntrinsicAttributes & DateTimePickerProps'.
  Property 'disabled' does not exist on type 'IntrinsicAttributes & DateTimePickerProps'.
src/components/Postiz/PostizPoster.tsx(5,3): error TS6133: 'Calendar' is declared but its value is never read.
src/components/Postiz/PostizPoster.tsx(17,3): error TS6133: 'Settings' is declared but its value is never read.
src/components/Postiz/QueueViewer.tsx(2,18): error TS6133: 'AnimatePresence' is declared but its value is never read.
src/components/Postiz/QueueViewer.tsx(21,12): error TS6133: 'isLoading' is declared but its value is never read.
src/components/Postiz/QueueViewer.tsx(21,23): error TS6133: 'setIsLoading' is declared but its value is never read.
src/components/Postiz/QueueViewer.tsx(144,49): error TS6133: 'idx' is declared but its value is never read.
src/components/Slideshow/SlideshowManager.tsx(4,10): error TS6133: 'ChevronDown' is declared but its value is never read.
src/components/Slideshow/SlideshowManager.tsx(4,23): error TS6133: 'ChevronRight' is declared but its value is never read.
src/components/Slideshow/SlideshowManager.tsx(10,1): error TS6133: 'AspectRatioSelector' is declared but its value is never read.
src/components/Slideshow/SlideshowManager.tsx(54,4): error TS6133: 'onTemplateApplied' is declared but its value is never read.
src/components/Slideshow/SlideshowManager.tsx(58,10): error TS6133: 'savedSlideshows' is declared but its value is never read.
src/components/Slideshow/SlideshowManager.tsx(60,10): error TS6133: 'isLoading' is declared but its value is never read.
src/components/Slideshow/SlideshowManager.tsx(60,21): error TS6133: 'setIsLoading' is declared but its value is never read.
src/components/Slideshow/SlideshowManager.tsx(131,13): error TS6133: 'savedSlideshow' is declared but its value is never read.
src/components/Slideshow/SlideshowManager.tsx(362,35): error TS6133: 'postId' is declared but its value is never read.
src/components/TikTokPreview/TikTokPreview.tsx(1,47): error TS6133: 'useRef' is declared but its value is never read.
src/components/TikTokPreview/TikTokPreview.tsx(2,41): error TS6133: 'Download' is declared but its value is never read.
src/components/TikTokPreview/TikTokPreview.tsx(2,51): error TS6133: 'Edit3' is declared but its value is never read.
src/components/TikTokPreview/TikTokPreview.tsx(2,58): error TS6133: 'Filter' is declared but its value is never read.
src/components/TikTokPreview/TikTokPreview.tsx(2,66): error TS6133: 'Type' is declared but its value is never read.
src/components/TikTokPreview/TikTokPreview.tsx(2,72): error TS6133: 'Crop' is declared but its value is never read.
src/components/TikTokPreview/TikTokPreview.tsx(2,78): error TS6133: 'Music' is declared but its value is never read.
src/components/TikTokPreview/TikTokPreview.tsx(2,85): error TS6133: 'Sparkles' is declared but its value is never read.
src/components/TikTokPreview/TikTokPreview.tsx(2,95): error TS6133: 'Settings' is declared but its value is never read.
src/components/TikTokPreview/TikTokPreview.tsx(2,144): error TS6133: 'X' is declared but its value is never read.
src/components/TikTokPreview/TikTokPreview.tsx(2,174): error TS6133: 'Shuffle' is declared but its value is never read.
src/components/TikTokPreview/TikTokPreview.tsx(2,183): error TS6133: 'Layers' is declared but its value is never read.
src/components/TikTokPreview/TikTokPreview.tsx(2,191): error TS6133: 'Zap' is declared but its value is never read.
src/components/TikTokPreview/TikTokPreview.tsx(2,196): error TS6133: 'Palette' is declared but its value is never read.
src/components/TikTokPreview/TikTokPreview.tsx(2,205): error TS6133: 'Wand2' is declared but its value is never read.
src/components/TikTokPreview/TikTokPreview.tsx(4,1): error TS6133: 'AspectRatioSelector' is declared but its value is never read.
src/components/TikTokPreview/TikTokPreview.tsx(9,1): error TS6133: 'useAspectRatio' is declared but its value is never read.
src/components/TikTokPreview/TikTokPreview.tsx(68,3): error TS6133: 'postTitle' is declared but its value is never read.
src/components/TikTokPreview/TikTokPreview.tsx(71,3): error TS6133: 'transitionEffect' is declared but its value is never read.
src/components/TikTokPreview/TikTokPreview.tsx(72,3): error TS6133: 'musicEnabled' is declared but its value is never read.
src/components/TikTokPreview/TikTokPreview.tsx(76,3): error TS6133: 'onTitleChange' is declared but its value is never read.
src/components/TikTokPreview/TikTokPreview.tsx(77,3): error TS6133: 'onPostTitleChange' is declared but its value is never read.
src/components/TikTokPreview/TikTokPreview.tsx(78,3): error TS6133: 'onCaptionChange' is declared but its value is never read.
src/components/TikTokPreview/TikTokPreview.tsx(79,3): error TS6133: 'onHashtagsChange' is declared but its value is never read.
src/components/TikTokPreview/TikTokPreview.tsx(80,3): error TS6133: 'onTransitionEffectChange' is declared but its value is never read.
src/components/TikTokPreview/TikTokPreview.tsx(81,3): error TS6133: 'onMusicEnabledChange' is declared but its value is never read.
src/components/TikTokPreview/TikTokPreview.tsx(83,3): error TS6133: 'onImagesUpdate' is declared but its value is never read.
src/components/TikTokPreview/TikTokPreview.tsx(85,3): error TS6133: 'onSelectionOrderChange' is declared but its value is never read.
src/components/TikTokPreview/TikTokPreview.tsx(91,10): error TS6133: 'showControls' is declared but its value is never read.
src/components/TikTokPreview/TikTokPreview.tsx(91,24): error TS6133: 'setShowControls' is declared but its value is never read.
src/components/TikTokPreview/TikTokPreview.tsx(92,10): error TS6133: 'selectedSlideForEdit' is declared but its value is never read.
src/components/TikTokPreview/TikTokPreview.tsx(92,32): error TS6133: 'setSelectedSlideForEdit' is declared but its value is never read.
src/components/TikTokPreview/TikTokPreview.tsx(96,10): error TS6133: 'showEditPanel' is declared but its value is never read.
src/components/TikTokPreview/TikTokPreview.tsx(96,25): error TS6133: 'setShowEditPanel' is declared but its value is never read.
src/components/TikTokPreview/TikTokPreview.tsx(97,10): error TS6133: 'activeEditTab' is declared but its value is never read.
src/components/TikTokPreview/TikTokPreview.tsx(97,25): error TS6133: 'setActiveEditTab' is declared but its value is never read.
src/components/TikTokPreview/TikTokPreview.tsx(98,10): error TS6133: 'localTextOverlays' is declared but its value is never read.
src/components/TikTokPreview/TikTokPreview.tsx(100,10): error TS6133: 'showAspectRatioSelector' is declared but its value is never read.
src/components/TikTokPreview/TikTokPreview.tsx(100,35): error TS6133: 'setShowAspectRatioSelector' is declared but its value is never read.
src/components/TikTokPreview/TikTokPreview.tsx(107,9): error TS6133: 'isTextNearCenter' is declared but its value is never read.
src/components/TikTokPreview/TikTokPreview.tsx(144,7): error TS1117: An object literal cannot have multiple properties with the same name.
src/components/TikTokPreview/TikTokPreview.tsx(150,9): error TS6133: 'handleRemixSlides' is declared but its value is never read.
src/components/TikTokPreview/TikTokPreview.tsx(156,11): error TS6133: 'slidesToRemix' is declared but its value is never read.
src/components/ui/aspectRatioSelector.tsx(4,1): error TS6133: 'Button' is declared but its value is never read.
src/components/ui/collapsible.tsx(3,1): error TS6133: 'React' is declared but its value is never read.
src/components/ui/datetime-picker.tsx(38,11): error TS6133: 'firstDayCurrentMonth' is declared but its value is never read.
src/components/ui/sidebar.tsx(16,7): error TS6133: 'SIDEBAR_WIDTH_MOBILE' is declared but its value is never read.
src/components/ui/sidebar.tsx(180,42): error TS6133: 'setOpenMobile' is declared but its value is never read.
src/components/Upload/ImageUploader.tsx(2,70): error TS6133: 'Play' is declared but its value is never read.
src/components/Upload/ImageUploader.tsx(2,76): error TS6133: 'Settings' is declared but its value is never read.
src/components/Upload/ImageUploader.tsx(5,1): error TS6133: 'slideshowService' is declared but its value is never read.
src/components/Upload/ImageUploader.tsx(26,3): error TS6133: 'onTemplateApplied' is declared but its value is never read.
src/components/Upload/ImageUploader.tsx(65,15): error TS6133: 'dimensions' is declared but its value is never read.
src/components/Upload/UrlUploader.tsx(246,13): error TS6133: 'dimensions' is declared but its value is never read.
src/lib/aspectRatio.ts(102,74): error TS6133: 'aspectRatio' is declared but its value is never read.
src/lib/aspectRatio.ts(165,75): error TS6133: 'aspectRatio' is declared but its value is never read.
src/lib/fontUtils.ts(7,11): error TS6133: 'loadingPromises' is declared but its value is never read.
src/lib/fontUtils.ts(42,17): error TS6133: 'loadFont' is declared but its value is never read.
src/lib/fontUtils.ts(42,26): error TS6133: 'fontName' is declared but its value is never read.
src/lib/fontUtils.ts(42,44): error TS6133: 'url' is declared but its value is never read.
src/lib/fontUtils.ts(42,57): error TS6133: 'weight' is declared but its value is never read.
src/lib/fontUtils.ts(42,81): error TS6133: 'style' is declared but its value is never read.
src/lib/fontUtils.ts(50,43): error TS6133: 'fontWeight' is declared but its value is never read.
src/lib/freeimage.ts(69,7): error TS6133: 'isRateLimitError' is declared but its value is never read.
src/lib/imageService.ts(4,39): error TS6133: 'batchCropImages' is declared but its value is never read.
src/lib/imageService.ts(605,13): error TS6133: 'user' is declared but its value is never read.
src/lib/imageService.ts(666,21): error TS6133: 'image' is declared but its value is never read.
src/lib/imgbb.ts(4,7): error TS6133: 'IMGE_API_KEY' is declared but its value is never read.
src/lib/imgbb.ts(5,7): error TS6133: 'IMGE_UPLOAD_URL' is declared but its value is never read.
src/lib/postizUploadService.ts(2,10): error TS6133: 'CondensedSlide' is declared but its value is never read.
src/lib/slideshowService.ts(5,1): error TS6133: 'uploadWithFallback' is declared but its value is never read.
src/lib/slideshowService.ts(1042,17): error TS6133: 'saveToFileSystem' is declared but its value is never read.
src/lib/slideshowService.ts(1546,11): error TS6133: 'updateSlideshowMetadataForFolderSupport' is declared but its value is never read.
src/lib/slideshowService.ts(1712,17): error TS6133: 'createOptimizedCondensedSlides' is declared but its value is never read.
src/types/index.ts(1,1): error TS6133: 'Database' is declared but its value is never read.
